<?xml version="1.0" encoding="UTF-8"?>
<!-- Generated by org.testng.reporters.JUnitReportReporter -->
<testsuite skipped="0" hostname="abc-PC" name="com.ijmeet.functional_test.HomePageTest" tests="1" failures="0" timestamp="21 Sep 2020 04:50:23 GMT" time="91.043" errors="0">
  <testcase name="verifyHomePage" time="91.043" classname="com.ijmeet.functional_test.HomePageTest"/>
</testsuite> <!-- com.ijmeet.functional_test.HomePageTest -->
